<?xml version="1.0" encoding="UTF-8"?>
<testng-results skipped="2" failed="0" ignored="0" total="3" passed="1">
  <reporter-output>
  </reporter-output>
  <suite name="Suite" duration-ms="22276" started-at="2021-07-03T06:18:49 PDT" finished-at="2021-07-03T06:19:11 PDT">
    <groups>
    </groups>
    <test name="Test" duration-ms="22276" started-at="2021-07-03T06:18:49 PDT" finished-at="2021-07-03T06:19:11 PDT">
      <class name="testngINCandPrority.NewTestPRandINC">
        <test-method status="PASS" signature="Open_Browser()[pri:0, instance:testngINCandPrority.NewTestPRandINC@c46bcd4]" name="Open_Browser" is-config="true" duration-ms="4562" started-at="2021-07-03T06:18:44 PDT" finished-at="2021-07-03T06:18:49 PDT">
          <reporter-output>
          </reporter-output>
        </test-method> <!-- Open_Browser -->
        <test-method status="PASS" signature="Enter_URL()[pri:0, instance:testngINCandPrority.NewTestPRandINC@c46bcd4]" name="Enter_URL" is-config="true" duration-ms="4296" started-at="2021-07-03T06:18:49 PDT" finished-at="2021-07-03T06:18:53 PDT">
          <reporter-output>
          </reporter-output>
        </test-method> <!-- Enter_URL -->
        <test-method status="PASS" signature="Maximize_URL()[pri:0, instance:testngINCandPrority.NewTestPRandINC@c46bcd4]" name="Maximize_URL" is-config="true" duration-ms="119" started-at="2021-07-03T06:18:53 PDT" finished-at="2021-07-03T06:18:53 PDT">
          <reporter-output>
          </reporter-output>
        </test-method> <!-- Maximize_URL -->
        <test-method status="PASS" signature="getCookies()[pri:0, instance:testngINCandPrority.NewTestPRandINC@c46bcd4]" name="getCookies" is-config="true" duration-ms="18" started-at="2021-07-03T06:18:53 PDT" finished-at="2021-07-03T06:18:53 PDT">
          <reporter-output>
          </reporter-output>
        </test-method> <!-- getCookies -->
        <test-method status="PASS" signature="Test3()[pri:1, instance:testngINCandPrority.NewTestPRandINC@c46bcd4]" name="Test3" duration-ms="16543" started-at="2021-07-03T06:18:53 PDT" finished-at="2021-07-03T06:19:10 PDT">
          <reporter-output>
          </reporter-output>
        </test-method> <!-- Test3 -->
        <test-method status="FAIL" signature="Take_SS()[pri:0, instance:testngINCandPrority.NewTestPRandINC@c46bcd4]" name="Take_SS" is-config="true" duration-ms="1219" started-at="2021-07-03T06:19:10 PDT" finished-at="2021-07-03T06:19:11 PDT">
          <exception class="java.lang.IllegalArgumentException">
            <message>
              <![CDATA[Parameter 'srcDir' is not a directory: 'C:\Users\Admin\AppData\Local\Temp\screenshot6355133358251376312.png']]>
            </message>
            <full-stacktrace>
              <![CDATA[java.lang.IllegalArgumentException: Parameter 'srcDir' is not a directory: 'C:\Users\Admin\AppData\Local\Temp\screenshot6355133358251376312.png'
at org.apache.commons.io.FileUtils.requireDirectory(FileUtils.java:2634)
at org.apache.commons.io.FileUtils.copyDirectory(FileUtils.java:681)
at org.apache.commons.io.FileUtils.copyDirectory(FileUtils.java:629)
at org.apache.commons.io.FileUtils.copyDirectory(FileUtils.java:530)
at org.apache.commons.io.FileUtils.copyDirectory(FileUtils.java:501)
at testngINCandPrority.NewTestPRandINC.Take_SS(NewTestPRandINC.java:155)
at sun.reflect.NativeMethodAccessorImpl.invoke0(Native Method)
at sun.reflect.NativeMethodAccessorImpl.invoke(NativeMethodAccessorImpl.java:62)
at sun.reflect.DelegatingMethodAccessorImpl.invoke(DelegatingMethodAccessorImpl.java:43)
at java.lang.reflect.Method.invoke(Method.java:498)
at org.testng.internal.MethodInvocationHelper.invokeMethod(MethodInvocationHelper.java:133)
at org.testng.internal.MethodInvocationHelper.invokeMethodConsideringTimeout(MethodInvocationHelper.java:62)
at org.testng.internal.ConfigInvoker.invokeConfigurationMethod(ConfigInvoker.java:385)
at org.testng.internal.ConfigInvoker.invokeConfigurations(ConfigInvoker.java:321)
at org.testng.internal.TestInvoker.runConfigMethods(TestInvoker.java:700)
at org.testng.internal.TestInvoker.runAfterGroupsConfigurations(TestInvoker.java:676)
at org.testng.internal.TestInvoker.invokeMethod(TestInvoker.java:660)
at org.testng.internal.TestInvoker.invokeTestMethod(TestInvoker.java:173)
at org.testng.internal.MethodRunner.runInSequence(MethodRunner.java:46)
at org.testng.internal.TestInvoker$MethodInvocationAgent.invoke(TestInvoker.java:824)
at org.testng.internal.TestInvoker.invokeTestMethods(TestInvoker.java:146)
at org.testng.internal.TestMethodWorker.invokeTestMethods(TestMethodWorker.java:146)
at org.testng.internal.TestMethodWorker.run(TestMethodWorker.java:128)
at java.util.ArrayList.forEach(ArrayList.java:1249)
at org.testng.TestRunner.privateRun(TestRunner.java:794)
at org.testng.TestRunner.run(TestRunner.java:596)
at org.testng.SuiteRunner.runTest(SuiteRunner.java:377)
at org.testng.SuiteRunner.runSequentially(SuiteRunner.java:371)
at org.testng.SuiteRunner.privateRun(SuiteRunner.java:332)
at org.testng.SuiteRunner.run(SuiteRunner.java:276)
at org.testng.SuiteRunnerWorker.runSuite(SuiteRunnerWorker.java:53)
at org.testng.SuiteRunnerWorker.run(SuiteRunnerWorker.java:96)
at org.testng.TestNG.runSuitesSequentially(TestNG.java:1212)
at org.testng.TestNG.runSuitesLocally(TestNG.java:1134)
at org.testng.TestNG.runSuites(TestNG.java:1063)
at org.testng.TestNG.run(TestNG.java:1031)
at org.testng.remote.AbstractRemoteTestNG.run(AbstractRemoteTestNG.java:115)
at org.testng.remote.RemoteTestNG.initAndRun(RemoteTestNG.java:251)
at org.testng.remote.RemoteTestNG.main(RemoteTestNG.java:77)
]]>
            </full-stacktrace>
          </exception> <!-- java.lang.IllegalArgumentException -->
          <reporter-output>
          </reporter-output>
        </test-method> <!-- Take_SS -->
        <test-method status="SKIP" signature="getCookies()[pri:0, instance:testngINCandPrority.NewTestPRandINC@c46bcd4]" name="getCookies" is-config="true" duration-ms="-1625318351524" started-at="2021-07-03T06:19:11 PDT" finished-at="1969-12-31T16:00:00 PST">
          <reporter-output>
          </reporter-output>
        </test-method> <!-- getCookies -->
        <test-method status="SKIP" signature="Test1()[pri:2, instance:testngINCandPrority.NewTestPRandINC@c46bcd4]" name="Test1" duration-ms="0" started-at="2021-07-03T06:19:11 PDT" finished-at="2021-07-03T06:19:11 PDT">
          <exception class="java.lang.IllegalArgumentException">
            <message>
              <![CDATA[Parameter 'srcDir' is not a directory: 'C:\Users\Admin\AppData\Local\Temp\screenshot6355133358251376312.png']]>
            </message>
            <full-stacktrace>
              <![CDATA[java.lang.IllegalArgumentException: Parameter 'srcDir' is not a directory: 'C:\Users\Admin\AppData\Local\Temp\screenshot6355133358251376312.png'
at org.apache.commons.io.FileUtils.requireDirectory(FileUtils.java:2634)
at org.apache.commons.io.FileUtils.copyDirectory(FileUtils.java:681)
at org.apache.commons.io.FileUtils.copyDirectory(FileUtils.java:629)
at org.apache.commons.io.FileUtils.copyDirectory(FileUtils.java:530)
at org.apache.commons.io.FileUtils.copyDirectory(FileUtils.java:501)
at testngINCandPrority.NewTestPRandINC.Take_SS(NewTestPRandINC.java:155)
at sun.reflect.NativeMethodAccessorImpl.invoke0(Native Method)
at sun.reflect.NativeMethodAccessorImpl.invoke(NativeMethodAccessorImpl.java:62)
at sun.reflect.DelegatingMethodAccessorImpl.invoke(DelegatingMethodAccessorImpl.java:43)
at java.lang.reflect.Method.invoke(Method.java:498)
at org.testng.internal.MethodInvocationHelper.invokeMethod(MethodInvocationHelper.java:133)
at org.testng.internal.MethodInvocationHelper.invokeMethodConsideringTimeout(MethodInvocationHelper.java:62)
at org.testng.internal.ConfigInvoker.invokeConfigurationMethod(ConfigInvoker.java:385)
at org.testng.internal.ConfigInvoker.invokeConfigurations(ConfigInvoker.java:321)
at org.testng.internal.TestInvoker.runConfigMethods(TestInvoker.java:700)
at org.testng.internal.TestInvoker.runAfterGroupsConfigurations(TestInvoker.java:676)
at org.testng.internal.TestInvoker.invokeMethod(TestInvoker.java:660)
at org.testng.internal.TestInvoker.invokeTestMethod(TestInvoker.java:173)
at org.testng.internal.MethodRunner.runInSequence(MethodRunner.java:46)
at org.testng.internal.TestInvoker$MethodInvocationAgent.invoke(TestInvoker.java:824)
at org.testng.internal.TestInvoker.invokeTestMethods(TestInvoker.java:146)
at org.testng.internal.TestMethodWorker.invokeTestMethods(TestMethodWorker.java:146)
at org.testng.internal.TestMethodWorker.run(TestMethodWorker.java:128)
at java.util.ArrayList.forEach(ArrayList.java:1249)
at org.testng.TestRunner.privateRun(TestRunner.java:794)
at org.testng.TestRunner.run(TestRunner.java:596)
at org.testng.SuiteRunner.runTest(SuiteRunner.java:377)
at org.testng.SuiteRunner.runSequentially(SuiteRunner.java:371)
at org.testng.SuiteRunner.privateRun(SuiteRunner.java:332)
at org.testng.SuiteRunner.run(SuiteRunner.java:276)
at org.testng.SuiteRunnerWorker.runSuite(SuiteRunnerWorker.java:53)
at org.testng.SuiteRunnerWorker.run(SuiteRunnerWorker.java:96)
at org.testng.TestNG.runSuitesSequentially(TestNG.java:1212)
at org.testng.TestNG.runSuitesLocally(TestNG.java:1134)
at org.testng.TestNG.runSuites(TestNG.java:1063)
at org.testng.TestNG.run(TestNG.java:1031)
at org.testng.remote.AbstractRemoteTestNG.run(AbstractRemoteTestNG.java:115)
at org.testng.remote.RemoteTestNG.initAndRun(RemoteTestNG.java:251)
at org.testng.remote.RemoteTestNG.main(RemoteTestNG.java:77)
]]>
            </full-stacktrace>
          </exception> <!-- java.lang.IllegalArgumentException -->
          <reporter-output>
          </reporter-output>
        </test-method> <!-- Test1 -->
        <test-method status="SKIP" signature="Take_SS()[pri:0, instance:testngINCandPrority.NewTestPRandINC@c46bcd4]" name="Take_SS" is-config="true" duration-ms="-1625318351532" started-at="2021-07-03T06:19:11 PDT" finished-at="1969-12-31T16:00:00 PST">
          <reporter-output>
          </reporter-output>
        </test-method> <!-- Take_SS -->
        <test-method status="SKIP" signature="getCookies()[pri:0, instance:testngINCandPrority.NewTestPRandINC@c46bcd4]" name="getCookies" is-config="true" duration-ms="-1625318351534" started-at="2021-07-03T06:19:11 PDT" finished-at="1969-12-31T16:00:00 PST">
          <reporter-output>
          </reporter-output>
        </test-method> <!-- getCookies -->
        <test-method status="SKIP" signature="Test2()[pri:3, instance:testngINCandPrority.NewTestPRandINC@c46bcd4]" name="Test2" duration-ms="0" started-at="2021-07-03T06:19:11 PDT" finished-at="2021-07-03T06:19:11 PDT">
          <exception class="java.lang.IllegalArgumentException">
            <message>
              <![CDATA[Parameter 'srcDir' is not a directory: 'C:\Users\Admin\AppData\Local\Temp\screenshot6355133358251376312.png']]>
            </message>
            <full-stacktrace>
              <![CDATA[java.lang.IllegalArgumentException: Parameter 'srcDir' is not a directory: 'C:\Users\Admin\AppData\Local\Temp\screenshot6355133358251376312.png'
at org.apache.commons.io.FileUtils.requireDirectory(FileUtils.java:2634)
at org.apache.commons.io.FileUtils.copyDirectory(FileUtils.java:681)
at org.apache.commons.io.FileUtils.copyDirectory(FileUtils.java:629)
at org.apache.commons.io.FileUtils.copyDirectory(FileUtils.java:530)
at org.apache.commons.io.FileUtils.copyDirectory(FileUtils.java:501)
at testngINCandPrority.NewTestPRandINC.Take_SS(NewTestPRandINC.java:155)
at sun.reflect.NativeMethodAccessorImpl.invoke0(Native Method)
at sun.reflect.NativeMethodAccessorImpl.invoke(NativeMethodAccessorImpl.java:62)
at sun.reflect.DelegatingMethodAccessorImpl.invoke(DelegatingMethodAccessorImpl.java:43)
at java.lang.reflect.Method.invoke(Method.java:498)
at org.testng.internal.MethodInvocationHelper.invokeMethod(MethodInvocationHelper.java:133)
at org.testng.internal.MethodInvocationHelper.invokeMethodConsideringTimeout(MethodInvocationHelper.java:62)
at org.testng.internal.ConfigInvoker.invokeConfigurationMethod(ConfigInvoker.java:385)
at org.testng.internal.ConfigInvoker.invokeConfigurations(ConfigInvoker.java:321)
at org.testng.internal.TestInvoker.runConfigMethods(TestInvoker.java:700)
at org.testng.internal.TestInvoker.runAfterGroupsConfigurations(TestInvoker.java:676)
at org.testng.internal.TestInvoker.invokeMethod(TestInvoker.java:660)
at org.testng.internal.TestInvoker.invokeTestMethod(TestInvoker.java:173)
at org.testng.internal.MethodRunner.runInSequence(MethodRunner.java:46)
at org.testng.internal.TestInvoker$MethodInvocationAgent.invoke(TestInvoker.java:824)
at org.testng.internal.TestInvoker.invokeTestMethods(TestInvoker.java:146)
at org.testng.internal.TestMethodWorker.invokeTestMethods(TestMethodWorker.java:146)
at org.testng.internal.TestMethodWorker.run(TestMethodWorker.java:128)
at java.util.ArrayList.forEach(ArrayList.java:1249)
at org.testng.TestRunner.privateRun(TestRunner.java:794)
at org.testng.TestRunner.run(TestRunner.java:596)
at org.testng.SuiteRunner.runTest(SuiteRunner.java:377)
at org.testng.SuiteRunner.runSequentially(SuiteRunner.java:371)
at org.testng.SuiteRunner.privateRun(SuiteRunner.java:332)
at org.testng.SuiteRunner.run(SuiteRunner.java:276)
at org.testng.SuiteRunnerWorker.runSuite(SuiteRunnerWorker.java:53)
at org.testng.SuiteRunnerWorker.run(SuiteRunnerWorker.java:96)
at org.testng.TestNG.runSuitesSequentially(TestNG.java:1212)
at org.testng.TestNG.runSuitesLocally(TestNG.java:1134)
at org.testng.TestNG.runSuites(TestNG.java:1063)
at org.testng.TestNG.run(TestNG.java:1031)
at org.testng.remote.AbstractRemoteTestNG.run(AbstractRemoteTestNG.java:115)
at org.testng.remote.RemoteTestNG.initAndRun(RemoteTestNG.java:251)
at org.testng.remote.RemoteTestNG.main(RemoteTestNG.java:77)
]]>
            </full-stacktrace>
          </exception> <!-- java.lang.IllegalArgumentException -->
          <reporter-output>
          </reporter-output>
        </test-method> <!-- Test2 -->
        <test-method status="SKIP" signature="Take_SS()[pri:0, instance:testngINCandPrority.NewTestPRandINC@c46bcd4]" name="Take_SS" is-config="true" duration-ms="-1625318351541" started-at="2021-07-03T06:19:11 PDT" finished-at="1969-12-31T16:00:00 PST">
          <reporter-output>
          </reporter-output>
        </test-method> <!-- Take_SS -->
        <test-method status="SKIP" signature="deleteallcookies()[pri:0, instance:testngINCandPrority.NewTestPRandINC@c46bcd4]" name="deleteallcookies" is-config="true" duration-ms="-1625318351545" started-at="2021-07-03T06:19:11 PDT" finished-at="1969-12-31T16:00:00 PST">
          <reporter-output>
          </reporter-output>
        </test-method> <!-- deleteallcookies -->
        <test-method status="SKIP" signature="afterTest()[pri:0, instance:testngINCandPrority.NewTestPRandINC@c46bcd4]" name="afterTest" is-config="true" duration-ms="-1625318351546" started-at="2021-07-03T06:19:11 PDT" finished-at="1969-12-31T16:00:00 PST">
          <reporter-output>
          </reporter-output>
        </test-method> <!-- afterTest -->
        <test-method status="SKIP" signature="afterSuite()[pri:0, instance:testngINCandPrority.NewTestPRandINC@c46bcd4]" name="afterSuite" is-config="true" duration-ms="-1625318351591" started-at="2021-07-03T06:19:11 PDT" finished-at="1969-12-31T16:00:00 PST">
          <reporter-output>
          </reporter-output>
        </test-method> <!-- afterSuite -->
      </class> <!-- testngINCandPrority.NewTestPRandINC -->
    </test> <!-- Test -->
  </suite> <!-- Suite -->
</testng-results>
