<?xml version="1.0" encoding="UTF-8"?>
<!-- Generated by org.testng.reporters.JUnitReportReporter -->
<testsuite skipped="2" hostname="Admin-PC" name="testngINCandPrority.NewTestPRandINC" tests="4" failures="0" timestamp="2021-07-03T06:19:11 PDT" time="17.780" errors="1">
  <testcase name="Take_SS" time="1.237" classname="testngINCandPrority.NewTestPRandINC">
    <error type="java.lang.IllegalArgumentException" message="Parameter &#039;srcDir&#039; is not a directory: &#039;C:\Users\Admin\AppData\Local\Temp\screenshot6355133358251376312.png&#039;">
      <![CDATA[java.lang.IllegalArgumentException: Parameter 'srcDir' is not a directory: 'C:\Users\Admin\AppData\Local\Temp\screenshot6355133358251376312.png'
at org.apache.commons.io.FileUtils.requireDirectory(FileUtils.java:2634)
at org.apache.commons.io.FileUtils.copyDirectory(FileUtils.java:681)
at org.apache.commons.io.FileUtils.copyDirectory(FileUtils.java:629)
at org.apache.commons.io.FileUtils.copyDirectory(FileUtils.java:530)
at org.apache.commons.io.FileUtils.copyDirectory(FileUtils.java:501)
at testngINCandPrority.NewTestPRandINC.Take_SS(NewTestPRandINC.java:155)
at sun.reflect.NativeMethodAccessorImpl.invoke0(Native Method)
at sun.reflect.NativeMethodAccessorImpl.invoke(NativeMethodAccessorImpl.java:62)
at sun.reflect.DelegatingMethodAccessorImpl.invoke(DelegatingMethodAccessorImpl.java:43)
at java.lang.reflect.Method.invoke(Method.java:498)
at org.testng.internal.MethodInvocationHelper.invokeMethod(MethodInvocationHelper.java:133)
at org.testng.internal.MethodInvocationHelper.invokeMethodConsideringTimeout(MethodInvocationHelper.java:62)
at org.testng.internal.ConfigInvoker.invokeConfigurationMethod(ConfigInvoker.java:385)
at org.testng.internal.ConfigInvoker.invokeConfigurations(ConfigInvoker.java:321)
at org.testng.internal.TestInvoker.runConfigMethods(TestInvoker.java:700)
at org.testng.internal.TestInvoker.runAfterGroupsConfigurations(TestInvoker.java:676)
at org.testng.internal.TestInvoker.invokeMethod(TestInvoker.java:660)
at org.testng.internal.TestInvoker.invokeTestMethod(TestInvoker.java:173)
at org.testng.internal.MethodRunner.runInSequence(MethodRunner.java:46)
at org.testng.internal.TestInvoker$MethodInvocationAgent.invoke(TestInvoker.java:824)
at org.testng.internal.TestInvoker.invokeTestMethods(TestInvoker.java:146)
at org.testng.internal.TestMethodWorker.invokeTestMethods(TestMethodWorker.java:146)
at org.testng.internal.TestMethodWorker.run(TestMethodWorker.java:128)
at java.util.ArrayList.forEach(ArrayList.java:1249)
at org.testng.TestRunner.privateRun(TestRunner.java:794)
at org.testng.TestRunner.run(TestRunner.java:596)
at org.testng.SuiteRunner.runTest(SuiteRunner.java:377)
at org.testng.SuiteRunner.runSequentially(SuiteRunner.java:371)
at org.testng.SuiteRunner.privateRun(SuiteRunner.java:332)
at org.testng.SuiteRunner.run(SuiteRunner.java:276)
at org.testng.SuiteRunnerWorker.runSuite(SuiteRunnerWorker.java:53)
at org.testng.SuiteRunnerWorker.run(SuiteRunnerWorker.java:96)
at org.testng.TestNG.runSuitesSequentially(TestNG.java:1212)
at org.testng.TestNG.runSuitesLocally(TestNG.java:1134)
at org.testng.TestNG.runSuites(TestNG.java:1063)
at org.testng.TestNG.run(TestNG.java:1031)
at org.testng.remote.AbstractRemoteTestNG.run(AbstractRemoteTestNG.java:115)
at org.testng.remote.RemoteTestNG.initAndRun(RemoteTestNG.java:251)
at org.testng.remote.RemoteTestNG.main(RemoteTestNG.java:77)
]]>
    </error>
  </testcase> <!-- Take_SS -->
  <system-out/>
  <testcase name="Test3" time="16.543" classname="testngINCandPrority.NewTestPRandINC"/>
  <system-out/>
  <testcase name="Test1" time="0.000" classname="testngINCandPrority.NewTestPRandINC">
    <skipped/>
  </testcase> <!-- Test1 -->
  <system-out/>
  <testcase name="Test2" time="0.000" classname="testngINCandPrority.NewTestPRandINC">
    <skipped/>
  </testcase> <!-- Test2 -->
  <system-out/>
</testsuite> <!-- testngINCandPrority.NewTestPRandINC -->
