<html>
<head>
<title>TestNG:  Test</title>
<link href="../testng.css" rel="stylesheet" type="text/css" />
<link href="../my-testng.css" rel="stylesheet" type="text/css" />

<style type="text/css">
.log { display: none;} 
.stack-trace { display: none;} 
</style>
<script type="text/javascript">
<!--
function flip(e) {
  current = e.style.display;
  if (current == 'block') {
    e.style.display = 'none';
    return 0;
  }
  else {
    e.style.display = 'block';
    return 1;
  }
}

function toggleBox(szDivId, elem, msg1, msg2)
{
  var res = -1;  if (document.getElementById) {
    res = flip(document.getElementById(szDivId));
  }
  else if (document.all) {
    // this is the way old msie versions work
    res = flip(document.all[szDivId]);
  }
  if(elem) {
    if(res == 0) elem.innerHTML = msg1; else elem.innerHTML = msg2;
  }

}

function toggleAllBoxes() {
  if (document.getElementsByTagName) {
    d = document.getElementsByTagName('div');
    for (i = 0; i < d.length; i++) {
      if (d[i].className == 'log') {
        flip(d[i]);
      }
    }
  }
}

// -->
</script>

</head>
<body>
<h2 align='center'>Test</h2><table border='1' align="center">
<tr>
<td>Tests passed/Failed/Skipped:</td><td>1/0/2</td>
</tr><tr>
<td>Started on:</td><td>Sat Jul 03 06:18:49 PDT 2021</td>
</tr>
<tr><td>Total time:</td><td>22 seconds (22276 ms)</td>
</tr><tr>
<td>Included groups:</td><td></td>
</tr><tr>
<td>Excluded groups:</td><td></td>
</tr>
</table><p/>
<small><i>(Hover the method name to see the test class name)</i></small><p/>
<table width='100%' border='1' class='invocation-failed'>
<tr><td colspan='4' align='center'><b>FAILED CONFIGURATIONS</b></td></tr>
<tr><td><b>Test method</b></td>
<td width="30%"><b>Exception</b></td>
<td width="10%"><b>Time (seconds)</b></td>
<td><b>Instance</b></td>
</tr>
<tr>
<td title='testngINCandPrority.NewTestPRandINC.Take_SS()'><b>Take_SS</b><br>Test class: testngINCandPrority.NewTestPRandINC</td>
<td><div><pre>java.lang.IllegalArgumentException: Parameter &apos;srcDir&apos; is not a directory: &apos;C:\Users\Admin\AppData\Local\Temp\screenshot6355133358251376312.png&apos;
	at org.apache.commons.io.FileUtils.requireDirectory(FileUtils.java:2634)
	at org.apache.commons.io.FileUtils.copyDirectory(FileUtils.java:681)
	at org.apache.commons.io.FileUtils.copyDirectory(FileUtils.java:629)
	at org.apache.commons.io.FileUtils.copyDirectory(FileUtils.java:530)
	at org.apache.commons.io.FileUtils.copyDirectory(FileUtils.java:501)
	at testngINCandPrority.NewTestPRandINC.Take_SS(NewTestPRandINC.java:155)
	at java.util.ArrayList.forEach(ArrayList.java:1249)
... Removed 32 stack frames</pre></div><a href='#' onClick='toggleBox("stack-trace1443055846", this, "Click to show all stack frames", "Click to hide stack frames")'>Click to show all stack frames</a>
<div class='stack-trace' id='stack-trace1443055846'><pre>java.lang.IllegalArgumentException: Parameter &apos;srcDir&apos; is not a directory: &apos;C:\Users\Admin\AppData\Local\Temp\screenshot6355133358251376312.png&apos;
	at org.apache.commons.io.FileUtils.requireDirectory(FileUtils.java:2634)
	at org.apache.commons.io.FileUtils.copyDirectory(FileUtils.java:681)
	at org.apache.commons.io.FileUtils.copyDirectory(FileUtils.java:629)
	at org.apache.commons.io.FileUtils.copyDirectory(FileUtils.java:530)
	at org.apache.commons.io.FileUtils.copyDirectory(FileUtils.java:501)
	at testngINCandPrority.NewTestPRandINC.Take_SS(NewTestPRandINC.java:155)
	at sun.reflect.NativeMethodAccessorImpl.invoke0(Native Method)
	at sun.reflect.NativeMethodAccessorImpl.invoke(NativeMethodAccessorImpl.java:62)
	at sun.reflect.DelegatingMethodAccessorImpl.invoke(DelegatingMethodAccessorImpl.java:43)
	at java.lang.reflect.Method.invoke(Method.java:498)
	at org.testng.internal.MethodInvocationHelper.invokeMethod(MethodInvocationHelper.java:133)
	at org.testng.internal.MethodInvocationHelper.invokeMethodConsideringTimeout(MethodInvocationHelper.java:62)
	at org.testng.internal.ConfigInvoker.invokeConfigurationMethod(ConfigInvoker.java:385)
	at org.testng.internal.ConfigInvoker.invokeConfigurations(ConfigInvoker.java:321)
	at org.testng.internal.TestInvoker.runConfigMethods(TestInvoker.java:700)
	at org.testng.internal.TestInvoker.runAfterGroupsConfigurations(TestInvoker.java:676)
	at org.testng.internal.TestInvoker.invokeMethod(TestInvoker.java:660)
	at org.testng.internal.TestInvoker.invokeTestMethod(TestInvoker.java:173)
	at org.testng.internal.MethodRunner.runInSequence(MethodRunner.java:46)
	at org.testng.internal.TestInvoker$MethodInvocationAgent.invoke(TestInvoker.java:824)
	at org.testng.internal.TestInvoker.invokeTestMethods(TestInvoker.java:146)
	at org.testng.internal.TestMethodWorker.invokeTestMethods(TestMethodWorker.java:146)
	at org.testng.internal.TestMethodWorker.run(TestMethodWorker.java:128)
	at java.util.ArrayList.forEach(ArrayList.java:1249)
	at org.testng.TestRunner.privateRun(TestRunner.java:794)
	at org.testng.TestRunner.run(TestRunner.java:596)
	at org.testng.SuiteRunner.runTest(SuiteRunner.java:377)
	at org.testng.SuiteRunner.runSequentially(SuiteRunner.java:371)
	at org.testng.SuiteRunner.privateRun(SuiteRunner.java:332)
	at org.testng.SuiteRunner.run(SuiteRunner.java:276)
	at org.testng.SuiteRunnerWorker.runSuite(SuiteRunnerWorker.java:53)
	at org.testng.SuiteRunnerWorker.run(SuiteRunnerWorker.java:96)
	at org.testng.TestNG.runSuitesSequentially(TestNG.java:1212)
	at org.testng.TestNG.runSuitesLocally(TestNG.java:1134)
	at org.testng.TestNG.runSuites(TestNG.java:1063)
	at org.testng.TestNG.run(TestNG.java:1031)
	at org.testng.remote.AbstractRemoteTestNG.run(AbstractRemoteTestNG.java:115)
	at org.testng.remote.RemoteTestNG.initAndRun(RemoteTestNG.java:251)
	at org.testng.remote.RemoteTestNG.main(RemoteTestNG.java:77)
</pre></div></td>
<td>1</td>
<td>testngINCandPrority.NewTestPRandINC@c46bcd4</td></tr>
</table><p>
<table width='100%' border='1' class='invocation-skipped'>
<tr><td colspan='4' align='center'><b>SKIPPED CONFIGURATIONS</b></td></tr>
<tr><td><b>Test method</b></td>
<td width="30%"><b>Exception</b></td>
<td width="10%"><b>Time (seconds)</b></td>
<td><b>Instance</b></td>
</tr>
<tr>
<td title='testngINCandPrority.NewTestPRandINC.getCookies()'><b>getCookies</b><br>Test class: testngINCandPrority.NewTestPRandINC</td>
<td></td>
<td>-1625318351</td>
<td>testngINCandPrority.NewTestPRandINC@c46bcd4</td></tr>
<tr>
<td title='testngINCandPrority.NewTestPRandINC.deleteallcookies()'><b>deleteallcookies</b><br>Test class: testngINCandPrority.NewTestPRandINC</td>
<td></td>
<td>-1625318351</td>
<td>testngINCandPrority.NewTestPRandINC@c46bcd4</td></tr>
<tr>
<td title='testngINCandPrority.NewTestPRandINC.Take_SS()'><b>Take_SS</b><br>Test class: testngINCandPrority.NewTestPRandINC</td>
<td></td>
<td>-1625318351</td>
<td>testngINCandPrority.NewTestPRandINC@c46bcd4</td></tr>
<tr>
<td title='testngINCandPrority.NewTestPRandINC.getCookies()'><b>getCookies</b><br>Test class: testngINCandPrority.NewTestPRandINC</td>
<td></td>
<td>-1625318351</td>
<td>testngINCandPrority.NewTestPRandINC@c46bcd4</td></tr>
<tr>
<td title='testngINCandPrority.NewTestPRandINC.Take_SS()'><b>Take_SS</b><br>Test class: testngINCandPrority.NewTestPRandINC</td>
<td></td>
<td>-1625318351</td>
<td>testngINCandPrority.NewTestPRandINC@c46bcd4</td></tr>
<tr>
<td title='testngINCandPrority.NewTestPRandINC.afterTest()'><b>afterTest</b><br>Test class: testngINCandPrority.NewTestPRandINC</td>
<td></td>
<td>-1625318351</td>
<td>testngINCandPrority.NewTestPRandINC@c46bcd4</td></tr>
</table><p>
<table width='100%' border='1' class='invocation-passed'>
<tr><td colspan='4' align='center'><b>PASSED TESTS</b></td></tr>
<tr><td><b>Test method</b></td>
<td width="30%"><b>Exception</b></td>
<td width="10%"><b>Time (seconds)</b></td>
<td><b>Instance</b></td>
</tr>
<tr>
<td title='testngINCandPrority.NewTestPRandINC.Test3()'><b>Test3</b><br>Test class: testngINCandPrority.NewTestPRandINC</td>
<td></td>
<td>16</td>
<td>testngINCandPrority.NewTestPRandINC@c46bcd4</td></tr>
</table><p>
<table width='100%' border='1' class='invocation-skipped'>
<tr><td colspan='4' align='center'><b>SKIPPED TESTS</b></td></tr>
<tr><td><b>Test method</b></td>
<td width="30%"><b>Exception</b></td>
<td width="10%"><b>Time (seconds)</b></td>
<td><b>Instance</b></td>
</tr>
<tr>
<td title='testngINCandPrority.NewTestPRandINC.Test2()'><b>Test2</b><br>Test class: testngINCandPrority.NewTestPRandINC</td>
<td><div><pre>java.lang.IllegalArgumentException: Parameter &apos;srcDir&apos; is not a directory: &apos;C:\Users\Admin\AppData\Local\Temp\screenshot6355133358251376312.png&apos;
	at org.apache.commons.io.FileUtils.requireDirectory(FileUtils.java:2634)
	at org.apache.commons.io.FileUtils.copyDirectory(FileUtils.java:681)
	at org.apache.commons.io.FileUtils.copyDirectory(FileUtils.java:629)
	at org.apache.commons.io.FileUtils.copyDirectory(FileUtils.java:530)
	at org.apache.commons.io.FileUtils.copyDirectory(FileUtils.java:501)
	at testngINCandPrority.NewTestPRandINC.Take_SS(NewTestPRandINC.java:155)
	at java.util.ArrayList.forEach(ArrayList.java:1249)
... Removed 32 stack frames</pre></div><a href='#' onClick='toggleBox("stack-trace196732636", this, "Click to show all stack frames", "Click to hide stack frames")'>Click to show all stack frames</a>
<div class='stack-trace' id='stack-trace196732636'><pre>java.lang.IllegalArgumentException: Parameter &apos;srcDir&apos; is not a directory: &apos;C:\Users\Admin\AppData\Local\Temp\screenshot6355133358251376312.png&apos;
	at org.apache.commons.io.FileUtils.requireDirectory(FileUtils.java:2634)
	at org.apache.commons.io.FileUtils.copyDirectory(FileUtils.java:681)
	at org.apache.commons.io.FileUtils.copyDirectory(FileUtils.java:629)
	at org.apache.commons.io.FileUtils.copyDirectory(FileUtils.java:530)
	at org.apache.commons.io.FileUtils.copyDirectory(FileUtils.java:501)
	at testngINCandPrority.NewTestPRandINC.Take_SS(NewTestPRandINC.java:155)
	at sun.reflect.NativeMethodAccessorImpl.invoke0(Native Method)
	at sun.reflect.NativeMethodAccessorImpl.invoke(NativeMethodAccessorImpl.java:62)
	at sun.reflect.DelegatingMethodAccessorImpl.invoke(DelegatingMethodAccessorImpl.java:43)
	at java.lang.reflect.Method.invoke(Method.java:498)
	at org.testng.internal.MethodInvocationHelper.invokeMethod(MethodInvocationHelper.java:133)
	at org.testng.internal.MethodInvocationHelper.invokeMethodConsideringTimeout(MethodInvocationHelper.java:62)
	at org.testng.internal.ConfigInvoker.invokeConfigurationMethod(ConfigInvoker.java:385)
	at org.testng.internal.ConfigInvoker.invokeConfigurations(ConfigInvoker.java:321)
	at org.testng.internal.TestInvoker.runConfigMethods(TestInvoker.java:700)
	at org.testng.internal.TestInvoker.runAfterGroupsConfigurations(TestInvoker.java:676)
	at org.testng.internal.TestInvoker.invokeMethod(TestInvoker.java:660)
	at org.testng.internal.TestInvoker.invokeTestMethod(TestInvoker.java:173)
	at org.testng.internal.MethodRunner.runInSequence(MethodRunner.java:46)
	at org.testng.internal.TestInvoker$MethodInvocationAgent.invoke(TestInvoker.java:824)
	at org.testng.internal.TestInvoker.invokeTestMethods(TestInvoker.java:146)
	at org.testng.internal.TestMethodWorker.invokeTestMethods(TestMethodWorker.java:146)
	at org.testng.internal.TestMethodWorker.run(TestMethodWorker.java:128)
	at java.util.ArrayList.forEach(ArrayList.java:1249)
	at org.testng.TestRunner.privateRun(TestRunner.java:794)
	at org.testng.TestRunner.run(TestRunner.java:596)
	at org.testng.SuiteRunner.runTest(SuiteRunner.java:377)
	at org.testng.SuiteRunner.runSequentially(SuiteRunner.java:371)
	at org.testng.SuiteRunner.privateRun(SuiteRunner.java:332)
	at org.testng.SuiteRunner.run(SuiteRunner.java:276)
	at org.testng.SuiteRunnerWorker.runSuite(SuiteRunnerWorker.java:53)
	at org.testng.SuiteRunnerWorker.run(SuiteRunnerWorker.java:96)
	at org.testng.TestNG.runSuitesSequentially(TestNG.java:1212)
	at org.testng.TestNG.runSuitesLocally(TestNG.java:1134)
	at org.testng.TestNG.runSuites(TestNG.java:1063)
	at org.testng.TestNG.run(TestNG.java:1031)
	at org.testng.remote.AbstractRemoteTestNG.run(AbstractRemoteTestNG.java:115)
	at org.testng.remote.RemoteTestNG.initAndRun(RemoteTestNG.java:251)
	at org.testng.remote.RemoteTestNG.main(RemoteTestNG.java:77)
</pre></div></td>
<td>0</td>
<td>testngINCandPrority.NewTestPRandINC@c46bcd4</td></tr>
<tr>
<td title='testngINCandPrority.NewTestPRandINC.Test1()'><b>Test1</b><br>Test class: testngINCandPrority.NewTestPRandINC</td>
<td><div><pre>java.lang.IllegalArgumentException: Parameter &apos;srcDir&apos; is not a directory: &apos;C:\Users\Admin\AppData\Local\Temp\screenshot6355133358251376312.png&apos;
	at org.apache.commons.io.FileUtils.requireDirectory(FileUtils.java:2634)
	at org.apache.commons.io.FileUtils.copyDirectory(FileUtils.java:681)
	at org.apache.commons.io.FileUtils.copyDirectory(FileUtils.java:629)
	at org.apache.commons.io.FileUtils.copyDirectory(FileUtils.java:530)
	at org.apache.commons.io.FileUtils.copyDirectory(FileUtils.java:501)
	at testngINCandPrority.NewTestPRandINC.Take_SS(NewTestPRandINC.java:155)
	at java.util.ArrayList.forEach(ArrayList.java:1249)
... Removed 32 stack frames</pre></div><a href='#' onClick='toggleBox("stack-trace1119072377", this, "Click to show all stack frames", "Click to hide stack frames")'>Click to show all stack frames</a>
<div class='stack-trace' id='stack-trace1119072377'><pre>java.lang.IllegalArgumentException: Parameter &apos;srcDir&apos; is not a directory: &apos;C:\Users\Admin\AppData\Local\Temp\screenshot6355133358251376312.png&apos;
	at org.apache.commons.io.FileUtils.requireDirectory(FileUtils.java:2634)
	at org.apache.commons.io.FileUtils.copyDirectory(FileUtils.java:681)
	at org.apache.commons.io.FileUtils.copyDirectory(FileUtils.java:629)
	at org.apache.commons.io.FileUtils.copyDirectory(FileUtils.java:530)
	at org.apache.commons.io.FileUtils.copyDirectory(FileUtils.java:501)
	at testngINCandPrority.NewTestPRandINC.Take_SS(NewTestPRandINC.java:155)
	at sun.reflect.NativeMethodAccessorImpl.invoke0(Native Method)
	at sun.reflect.NativeMethodAccessorImpl.invoke(NativeMethodAccessorImpl.java:62)
	at sun.reflect.DelegatingMethodAccessorImpl.invoke(DelegatingMethodAccessorImpl.java:43)
	at java.lang.reflect.Method.invoke(Method.java:498)
	at org.testng.internal.MethodInvocationHelper.invokeMethod(MethodInvocationHelper.java:133)
	at org.testng.internal.MethodInvocationHelper.invokeMethodConsideringTimeout(MethodInvocationHelper.java:62)
	at org.testng.internal.ConfigInvoker.invokeConfigurationMethod(ConfigInvoker.java:385)
	at org.testng.internal.ConfigInvoker.invokeConfigurations(ConfigInvoker.java:321)
	at org.testng.internal.TestInvoker.runConfigMethods(TestInvoker.java:700)
	at org.testng.internal.TestInvoker.runAfterGroupsConfigurations(TestInvoker.java:676)
	at org.testng.internal.TestInvoker.invokeMethod(TestInvoker.java:660)
	at org.testng.internal.TestInvoker.invokeTestMethod(TestInvoker.java:173)
	at org.testng.internal.MethodRunner.runInSequence(MethodRunner.java:46)
	at org.testng.internal.TestInvoker$MethodInvocationAgent.invoke(TestInvoker.java:824)
	at org.testng.internal.TestInvoker.invokeTestMethods(TestInvoker.java:146)
	at org.testng.internal.TestMethodWorker.invokeTestMethods(TestMethodWorker.java:146)
	at org.testng.internal.TestMethodWorker.run(TestMethodWorker.java:128)
	at java.util.ArrayList.forEach(ArrayList.java:1249)
	at org.testng.TestRunner.privateRun(TestRunner.java:794)
	at org.testng.TestRunner.run(TestRunner.java:596)
	at org.testng.SuiteRunner.runTest(SuiteRunner.java:377)
	at org.testng.SuiteRunner.runSequentially(SuiteRunner.java:371)
	at org.testng.SuiteRunner.privateRun(SuiteRunner.java:332)
	at org.testng.SuiteRunner.run(SuiteRunner.java:276)
	at org.testng.SuiteRunnerWorker.runSuite(SuiteRunnerWorker.java:53)
	at org.testng.SuiteRunnerWorker.run(SuiteRunnerWorker.java:96)
	at org.testng.TestNG.runSuitesSequentially(TestNG.java:1212)
	at org.testng.TestNG.runSuitesLocally(TestNG.java:1134)
	at org.testng.TestNG.runSuites(TestNG.java:1063)
	at org.testng.TestNG.run(TestNG.java:1031)
	at org.testng.remote.AbstractRemoteTestNG.run(AbstractRemoteTestNG.java:115)
	at org.testng.remote.RemoteTestNG.initAndRun(RemoteTestNG.java:251)
	at org.testng.remote.RemoteTestNG.main(RemoteTestNG.java:77)
</pre></div></td>
<td>0</td>
<td>testngINCandPrority.NewTestPRandINC@c46bcd4</td></tr>
</table><p>
</body>
</html>